{"/home/runner/work/hostwriter.github.io/hostwriter.github.io/src/config.js": {"path":"/home/runner/work/hostwriter.github.io/hostwriter.github.io/src/config.js","statementMap":{"0":{"start":{"line":1,"column":0},"end":{"line":5,"column":1}},"1":{"start":{"line":3,"column":8},"end":{"line":3,"column":76}}},"fnMap":{"0":{"name":"(anonymous_0)","decl":{"start":{"line":2,"column":9},"end":{"line":2,"column":10}},"loc":{"start":{"line":2,"column":15},"end":{"line":4,"column":5}},"line":2}},"branchMap":{},"s":{"0":2,"1":4},"f":{"0":4},"b":{},"_coverageSchema":"1a1c01bbd47fc00a2c39e90264f33305004495a9","hash":"15bd6931254bfb376c4462418b0e944ac5994083"}
,"/home/runner/work/hostwriter.github.io/hostwriter.github.io/src/models/Joke.js": {"path":"/home/runner/work/hostwriter.github.io/hostwriter.github.io/src/models/Joke.js","statementMap":{"0":{"start":{"line":1,"column":10},"end":{"line":1,"column":28}},"1":{"start":{"line":2,"column":15},"end":{"line":2,"column":32}},"2":{"start":{"line":3,"column":15},"end":{"line":3,"column":34}},"3":{"start":{"line":4,"column":15},"end":{"line":4,"column":35}},"4":{"start":{"line":6,"column":12},"end":{"line":6,"column":24}},"5":{"start":{"line":8,"column":11},"end":{"line":99,"column":1}},"6":{"start":{"line":29,"column":8},"end":{"line":36,"column":47}},"7":{"start":{"line":36,"column":27},"end":{"line":36,"column":45}},"8":{"start":{"line":40,"column":21},"end":{"line":40,"column":62}},"9":{"start":{"line":41,"column":8},"end":{"line":46,"column":48}},"10":{"start":{"line":46,"column":27},"end":{"line":46,"column":46}},"11":{"start":{"line":51,"column":8},"end":{"line":55,"column":49}},"12":{"start":{"line":55,"column":27},"end":{"line":55,"column":48}},"13":{"start":{"line":59,"column":8},"end":{"line":64,"column":9}},"14":{"start":{"line":60,"column":12},"end":{"line":60,"column":38}},"15":{"start":{"line":61,"column":12},"end":{"line":61,"column":28}},"16":{"start":{"line":63,"column":12},"end":{"line":63,"column":35}},"17":{"start":{"line":68,"column":8},"end":{"line":80,"column":9}},"18":{"start":{"line":69,"column":12},"end":{"line":72,"column":13}},"19":{"start":{"line":70,"column":28},"end":{"line":70,"column":64}},"20":{"start":{"line":70,"column":53},"end":{"line":70,"column":63}},"21":{"start":{"line":71,"column":16},"end":{"line":71,"column":74}},"22":{"start":{"line":73,"column":12},"end":{"line":73,"column":37}},"23":{"start":{"line":75,"column":12},"end":{"line":78,"column":13}},"24":{"start":{"line":76,"column":28},"end":{"line":76,"column":64}},"25":{"start":{"line":76,"column":53},"end":{"line":76,"column":63}},"26":{"start":{"line":77,"column":16},"end":{"line":77,"column":74}},"27":{"start":{"line":79,"column":12},"end":{"line":79,"column":34}},"28":{"start":{"line":84,"column":8},"end":{"line":96,"column":9}},"29":{"start":{"line":85,"column":12},"end":{"line":88,"column":13}},"30":{"start":{"line":86,"column":28},"end":{"line":86,"column":64}},"31":{"start":{"line":86,"column":53},"end":{"line":86,"column":63}},"32":{"start":{"line":87,"column":16},"end":{"line":87,"column":80}},"33":{"start":{"line":89,"column":12},"end":{"line":89,"column":40}},"34":{"start":{"line":91,"column":12},"end":{"line":94,"column":13}},"35":{"start":{"line":92,"column":28},"end":{"line":92,"column":64}},"36":{"start":{"line":92,"column":53},"end":{"line":92,"column":63}},"37":{"start":{"line":93,"column":16},"end":{"line":93,"column":80}},"38":{"start":{"line":95,"column":12},"end":{"line":95,"column":37}},"39":{"start":{"line":101,"column":0},"end":{"line":101,"column":21}}},"fnMap":{"0":{"name":"(anonymous_0)","decl":{"start":{"line":28,"column":10},"end":{"line":28,"column":11}},"loc":{"start":{"line":28,"column":20},"end":{"line":37,"column":5}},"line":28},"1":{"name":"(anonymous_1)","decl":{"start":{"line":36,"column":15},"end":{"line":36,"column":16}},"loc":{"start":{"line":36,"column":27},"end":{"line":36,"column":45}},"line":36},"2":{"name":"(anonymous_2)","decl":{"start":{"line":39,"column":15},"end":{"line":39,"column":16}},"loc":{"start":{"line":39,"column":21},"end":{"line":48,"column":5}},"line":39},"3":{"name":"(anonymous_3)","decl":{"start":{"line":46,"column":15},"end":{"line":46,"column":16}},"loc":{"start":{"line":46,"column":27},"end":{"line":46,"column":46}},"line":46},"4":{"name":"(anonymous_4)","decl":{"start":{"line":50,"column":17},"end":{"line":50,"column":18}},"loc":{"start":{"line":50,"column":23},"end":{"line":56,"column":5}},"line":50},"5":{"name":"(anonymous_5)","decl":{"start":{"line":55,"column":15},"end":{"line":55,"column":16}},"loc":{"start":{"line":55,"column":27},"end":{"line":55,"column":48}},"line":55},"6":{"name":"(anonymous_6)","decl":{"start":{"line":58,"column":10},"end":{"line":58,"column":11}},"loc":{"start":{"line":58,"column":25},"end":{"line":65,"column":5}},"line":58},"7":{"name":"(anonymous_7)","decl":{"start":{"line":67,"column":10},"end":{"line":67,"column":11}},"loc":{"start":{"line":67,"column":33},"end":{"line":81,"column":5}},"line":67},"8":{"name":"(anonymous_8)","decl":{"start":{"line":70,"column":48},"end":{"line":70,"column":49}},"loc":{"start":{"line":70,"column":53},"end":{"line":70,"column":63}},"line":70},"9":{"name":"(anonymous_9)","decl":{"start":{"line":76,"column":48},"end":{"line":76,"column":49}},"loc":{"start":{"line":76,"column":53},"end":{"line":76,"column":63}},"line":76},"10":{"name":"(anonymous_10)","decl":{"start":{"line":83,"column":13},"end":{"line":83,"column":14}},"loc":{"start":{"line":83,"column":39},"end":{"line":97,"column":5}},"line":83},"11":{"name":"(anonymous_11)","decl":{"start":{"line":86,"column":48},"end":{"line":86,"column":49}},"loc":{"start":{"line":86,"column":53},"end":{"line":86,"column":63}},"line":86},"12":{"name":"(anonymous_12)","decl":{"start":{"line":92,"column":48},"end":{"line":92,"column":49}},"loc":{"start":{"line":92,"column":53},"end":{"line":92,"column":63}},"line":92}},"branchMap":{"0":{"loc":{"start":{"line":33,"column":23},"end":{"line":33,"column":60}},"type":"binary-expr","locations":[{"start":{"line":33,"column":23},"end":{"line":33,"column":27}},{"start":{"line":33,"column":31},"end":{"line":33,"column":60}}],"line":33},"1":{"loc":{"start":{"line":59,"column":8},"end":{"line":64,"column":9}},"type":"if","locations":[{"start":{"line":59,"column":8},"end":{"line":64,"column":9}},{"start":{"line":59,"column":8},"end":{"line":64,"column":9}}],"line":59},"2":{"loc":{"start":{"line":68,"column":8},"end":{"line":80,"column":9}},"type":"if","locations":[{"start":{"line":68,"column":8},"end":{"line":80,"column":9}},{"start":{"line":68,"column":8},"end":{"line":80,"column":9}}],"line":68},"3":{"loc":{"start":{"line":69,"column":12},"end":{"line":72,"column":13}},"type":"if","locations":[{"start":{"line":69,"column":12},"end":{"line":72,"column":13}},{"start":{"line":69,"column":12},"end":{"line":72,"column":13}}],"line":69},"4":{"loc":{"start":{"line":71,"column":42},"end":{"line":71,"column":69}},"type":"binary-expr","locations":[{"start":{"line":71,"column":42},"end":{"line":71,"column":64}},{"start":{"line":71,"column":68},"end":{"line":71,"column":69}}],"line":71},"5":{"loc":{"start":{"line":75,"column":12},"end":{"line":78,"column":13}},"type":"if","locations":[{"start":{"line":75,"column":12},"end":{"line":78,"column":13}},{"start":{"line":75,"column":12},"end":{"line":78,"column":13}}],"line":75},"6":{"loc":{"start":{"line":77,"column":42},"end":{"line":77,"column":69}},"type":"binary-expr","locations":[{"start":{"line":77,"column":42},"end":{"line":77,"column":64}},{"start":{"line":77,"column":68},"end":{"line":77,"column":69}}],"line":77},"7":{"loc":{"start":{"line":84,"column":8},"end":{"line":96,"column":9}},"type":"if","locations":[{"start":{"line":84,"column":8},"end":{"line":96,"column":9}},{"start":{"line":84,"column":8},"end":{"line":96,"column":9}}],"line":84},"8":{"loc":{"start":{"line":85,"column":12},"end":{"line":88,"column":13}},"type":"if","locations":[{"start":{"line":85,"column":12},"end":{"line":88,"column":13}},{"start":{"line":85,"column":12},"end":{"line":88,"column":13}}],"line":85},"9":{"loc":{"start":{"line":87,"column":45},"end":{"line":87,"column":75}},"type":"binary-expr","locations":[{"start":{"line":87,"column":45},"end":{"line":87,"column":70}},{"start":{"line":87,"column":74},"end":{"line":87,"column":75}}],"line":87},"10":{"loc":{"start":{"line":91,"column":12},"end":{"line":94,"column":13}},"type":"if","locations":[{"start":{"line":91,"column":12},"end":{"line":94,"column":13}},{"start":{"line":91,"column":12},"end":{"line":94,"column":13}}],"line":91},"11":{"loc":{"start":{"line":93,"column":45},"end":{"line":93,"column":75}},"type":"binary-expr","locations":[{"start":{"line":93,"column":45},"end":{"line":93,"column":70}},{"start":{"line":93,"column":74},"end":{"line":93,"column":75}}],"line":93}},"s":{"0":2,"1":2,"2":2,"3":2,"4":2,"5":2,"6":7,"7":7,"8":2,"9":2,"10":2,"11":0,"12":0,"13":2,"14":1,"15":1,"16":1,"17":2,"18":1,"19":1,"20":1,"21":1,"22":1,"23":1,"24":1,"25":1,"26":1,"27":1,"28":2,"29":1,"30":1,"31":1,"32":1,"33":1,"34":1,"35":1,"36":1,"37":1,"38":1,"39":2},"f":{"0":7,"1":7,"2":2,"3":2,"4":0,"5":0,"6":2,"7":2,"8":1,"9":1,"10":2,"11":1,"12":1},"b":{"0":[7,7],"1":[1,1],"2":[1,1],"3":[1,0],"4":[1,1],"5":[1,0],"6":[1,1],"7":[1,1],"8":[1,0],"9":[1,1],"10":[1,0],"11":[1,1]},"_coverageSchema":"1a1c01bbd47fc00a2c39e90264f33305004495a9","hash":"68e102c5ee05ad0272676194507f27846100ff4c"}
,"/home/runner/work/hostwriter.github.io/hostwriter.github.io/src/models/Status.js": {"path":"/home/runner/work/hostwriter.github.io/hostwriter.github.io/src/models/Status.js","statementMap":{"0":{"start":{"line":1,"column":12},"end":{"line":1,"column":38}},"1":{"start":{"line":2,"column":10},"end":{"line":2,"column":28}},"2":{"start":{"line":4,"column":16},"end":{"line":8,"column":1}},"3":{"start":{"line":10,"column":13},"end":{"line":84,"column":1}},"4":{"start":{"line":17,"column":8},"end":{"line":19,"column":10}},"5":{"start":{"line":18,"column":12},"end":{"line":18,"column":75}},"6":{"start":{"line":23,"column":8},"end":{"line":23,"column":21}},"7":{"start":{"line":25,"column":8},"end":{"line":25,"column":31}},"8":{"start":{"line":26,"column":8},"end":{"line":26,"column":21}},"9":{"start":{"line":29,"column":8},"end":{"line":37,"column":9}},"10":{"start":{"line":30,"column":12},"end":{"line":36,"column":14}},"11":{"start":{"line":35,"column":16},"end":{"line":35,"column":60}},"12":{"start":{"line":41,"column":8},"end":{"line":41,"column":21}},"13":{"start":{"line":43,"column":20},"end":{"line":43,"column":46}},"14":{"start":{"line":44,"column":8},"end":{"line":44,"column":39}},"15":{"start":{"line":45,"column":8},"end":{"line":45,"column":21}},"16":{"start":{"line":48,"column":8},"end":{"line":56,"column":9}},"17":{"start":{"line":49,"column":12},"end":{"line":55,"column":18}},"18":{"start":{"line":54,"column":20},"end":{"line":54,"column":64}},"19":{"start":{"line":60,"column":8},"end":{"line":62,"column":10}},"20":{"start":{"line":61,"column":12},"end":{"line":61,"column":78}},"21":{"start":{"line":66,"column":8},"end":{"line":66,"column":45}},"22":{"start":{"line":70,"column":8},"end":{"line":70,"column":48}},"23":{"start":{"line":74,"column":8},"end":{"line":74,"column":46}},"24":{"start":{"line":78,"column":8},"end":{"line":82,"column":9}},"25":{"start":{"line":86,"column":0},"end":{"line":86,"column":23}}},"fnMap":{"0":{"name":"(anonymous_0)","decl":{"start":{"line":16,"column":10},"end":{"line":16,"column":11}},"loc":{"start":{"line":16,"column":16},"end":{"line":20,"column":5}},"line":16},"1":{"name":"(anonymous_1)","decl":{"start":{"line":17,"column":24},"end":{"line":17,"column":25}},"loc":{"start":{"line":17,"column":34},"end":{"line":19,"column":9}},"line":17},"2":{"name":"(anonymous_2)","decl":{"start":{"line":22,"column":9},"end":{"line":22,"column":10}},"loc":{"start":{"line":22,"column":25},"end":{"line":38,"column":5}},"line":22},"3":{"name":"(anonymous_3)","decl":{"start":{"line":34,"column":18},"end":{"line":34,"column":19}},"loc":{"start":{"line":34,"column":35},"end":{"line":36,"column":13}},"line":34},"4":{"name":"(anonymous_4)","decl":{"start":{"line":40,"column":12},"end":{"line":40,"column":13}},"loc":{"start":{"line":40,"column":28},"end":{"line":57,"column":5}},"line":40},"5":{"name":"(anonymous_5)","decl":{"start":{"line":53,"column":22},"end":{"line":53,"column":23}},"loc":{"start":{"line":53,"column":39},"end":{"line":55,"column":17}},"line":53},"6":{"name":"(anonymous_6)","decl":{"start":{"line":59,"column":10},"end":{"line":59,"column":11}},"loc":{"start":{"line":59,"column":16},"end":{"line":63,"column":5}},"line":59},"7":{"name":"(anonymous_7)","decl":{"start":{"line":60,"column":24},"end":{"line":60,"column":25}},"loc":{"start":{"line":60,"column":34},"end":{"line":62,"column":9}},"line":60},"8":{"name":"(anonymous_8)","decl":{"start":{"line":65,"column":13},"end":{"line":65,"column":14}},"loc":{"start":{"line":65,"column":21},"end":{"line":67,"column":5}},"line":65},"9":{"name":"(anonymous_9)","decl":{"start":{"line":69,"column":16},"end":{"line":69,"column":17}},"loc":{"start":{"line":69,"column":24},"end":{"line":71,"column":5}},"line":69},"10":{"name":"(anonymous_10)","decl":{"start":{"line":73,"column":13},"end":{"line":73,"column":14}},"loc":{"start":{"line":73,"column":21},"end":{"line":75,"column":5}},"line":73},"11":{"name":"(anonymous_11)","decl":{"start":{"line":77,"column":16},"end":{"line":77,"column":17}},"loc":{"start":{"line":77,"column":24},"end":{"line":83,"column":5}},"line":77}},"branchMap":{"0":{"loc":{"start":{"line":18,"column":29},"end":{"line":18,"column":75}},"type":"binary-expr","locations":[{"start":{"line":18,"column":29},"end":{"line":18,"column":69}},{"start":{"line":18,"column":73},"end":{"line":18,"column":75}}],"line":18},"1":{"loc":{"start":{"line":29,"column":8},"end":{"line":37,"column":9}},"type":"if","locations":[{"start":{"line":29,"column":8},"end":{"line":37,"column":9}},{"start":{"line":29,"column":8},"end":{"line":37,"column":9}}],"line":29},"2":{"loc":{"start":{"line":48,"column":8},"end":{"line":56,"column":9}},"type":"if","locations":[{"start":{"line":48,"column":8},"end":{"line":56,"column":9}},{"start":{"line":48,"column":8},"end":{"line":56,"column":9}}],"line":48},"3":{"loc":{"start":{"line":61,"column":12},"end":{"line":61,"column":78}},"type":"binary-expr","locations":[{"start":{"line":61,"column":12},"end":{"line":61,"column":72}},{"start":{"line":61,"column":76},"end":{"line":61,"column":78}}],"line":61}},"s":{"0":2,"1":2,"2":2,"3":2,"4":13,"5":39,"6":5,"7":5,"8":5,"9":5,"10":3,"11":3,"12":5,"13":5,"14":5,"15":5,"16":5,"17":3,"18":3,"19":10,"20":30,"21":1,"22":1,"23":1,"24":1,"25":2},"f":{"0":13,"1":39,"2":5,"3":3,"4":5,"5":3,"6":10,"7":30,"8":1,"9":1,"10":1,"11":1},"b":{"0":[39,3],"1":[3,2],"2":[3,2],"3":[30,30]},"_coverageSchema":"1a1c01bbd47fc00a2c39e90264f33305004495a9","hash":"95e64ec94d19c1394bb3327a99c1f03a36728e6f"}
}
