TN:
SF:src/config.js
FN:2,(anonymous_0)
FNF:1
FNH:1
FNDA:4,(anonymous_0)
DA:1,2
DA:3,4
LF:2
LH:2
BRF:0
BRH:0
end_of_record
TN:
SF:src/models/Joke.js
FN:28,(anonymous_0)
FN:36,(anonymous_1)
FN:39,(anonymous_2)
FN:46,(anonymous_3)
FN:50,(anonymous_4)
FN:55,(anonymous_5)
FN:58,(anonymous_6)
FN:67,(anonymous_7)
FN:70,(anonymous_8)
FN:76,(anonymous_9)
FN:83,(anonymous_10)
FN:86,(anonymous_11)
FN:92,(anonymous_12)
FNF:13
FNH:11
FNDA:7,(anonymous_0)
FNDA:7,(anonymous_1)
FNDA:2,(anonymous_2)
FNDA:2,(anonymous_3)
FNDA:0,(anonymous_4)
FNDA:0,(anonymous_5)
FNDA:2,(anonymous_6)
FNDA:2,(anonymous_7)
FNDA:1,(anonymous_8)
FNDA:1,(anonymous_9)
FNDA:2,(anonymous_10)
FNDA:1,(anonymous_11)
FNDA:1,(anonymous_12)
DA:1,2
DA:2,2
DA:3,2
DA:4,2
DA:6,2
DA:8,2
DA:29,7
DA:36,7
DA:40,2
DA:41,2
DA:46,2
DA:51,0
DA:55,0
DA:59,2
DA:60,1
DA:61,1
DA:63,1
DA:68,2
DA:69,1
DA:70,1
DA:71,1
DA:73,1
DA:75,1
DA:76,1
DA:77,1
DA:79,1
DA:84,2
DA:85,1
DA:86,1
DA:87,1
DA:89,1
DA:91,1
DA:92,1
DA:93,1
DA:95,1
DA:101,2
LF:36
LH:34
BRDA:33,0,0,7
BRDA:33,0,1,7
BRDA:59,1,0,1
BRDA:59,1,1,1
BRDA:68,2,0,1
BRDA:68,2,1,1
BRDA:69,3,0,1
BRDA:69,3,1,0
BRDA:71,4,0,1
BRDA:71,4,1,1
BRDA:75,5,0,1
BRDA:75,5,1,0
BRDA:77,6,0,1
BRDA:77,6,1,1
BRDA:84,7,0,1
BRDA:84,7,1,1
BRDA:85,8,0,1
BRDA:85,8,1,0
BRDA:87,9,0,1
BRDA:87,9,1,1
BRDA:91,10,0,1
BRDA:91,10,1,0
BRDA:93,11,0,1
BRDA:93,11,1,1
BRF:24
BRH:20
end_of_record
TN:
SF:src/models/Status.js
FN:16,(anonymous_0)
FN:17,(anonymous_1)
FN:22,(anonymous_2)
FN:34,(anonymous_3)
FN:40,(anonymous_4)
FN:53,(anonymous_5)
FN:59,(anonymous_6)
FN:60,(anonymous_7)
FN:65,(anonymous_8)
FN:69,(anonymous_9)
FN:73,(anonymous_10)
FN:77,(anonymous_11)
FNF:12
FNH:12
FNDA:13,(anonymous_0)
FNDA:39,(anonymous_1)
FNDA:5,(anonymous_2)
FNDA:3,(anonymous_3)
FNDA:5,(anonymous_4)
FNDA:3,(anonymous_5)
FNDA:10,(anonymous_6)
FNDA:30,(anonymous_7)
FNDA:1,(anonymous_8)
FNDA:1,(anonymous_9)
FNDA:1,(anonymous_10)
FNDA:1,(anonymous_11)
DA:1,2
DA:2,2
DA:4,2
DA:10,2
DA:17,13
DA:18,39
DA:23,5
DA:25,5
DA:26,5
DA:29,5
DA:30,3
DA:35,3
DA:41,5
DA:43,5
DA:44,5
DA:45,5
DA:48,5
DA:49,3
DA:54,3
DA:60,10
DA:61,30
DA:66,1
DA:70,1
DA:74,1
DA:78,1
DA:86,2
LF:26
LH:26
BRDA:18,0,0,39
BRDA:18,0,1,3
BRDA:29,1,0,3
BRDA:29,1,1,2
BRDA:48,2,0,3
BRDA:48,2,1,2
BRDA:61,3,0,30
BRDA:61,3,1,30
BRF:8
BRH:8
end_of_record
